<?xml version="1.0" encoding="UTF-8"?>
<testsuite name="kr.sm.itaewon.travelmaker.controller.ArticleControllerTest" tests="1" skipped="0" failures="0" errors="0" timestamp="2019-08-02T12:37:05" hostname="itaeyuncBookPro.hyuntaelee" time="0.185">
  <properties/>
  <testcase name="getArticleAll" classname="kr.sm.itaewon.travelmaker.controller.ArticleControllerTest" time="0.185"/>
  <system-out><![CDATA[21:37:01.942 [Test worker] DEBUG org.springframework.test.context.junit4.SpringJUnit4ClassRunner - SpringJUnit4ClassRunner constructor called with [class kr.sm.itaewon.travelmaker.controller.ArticleControllerTest]
21:37:01.951 [Test worker] DEBUG org.springframework.test.context.BootstrapUtils - Instantiating CacheAwareContextLoaderDelegate from class [org.springframework.test.context.cache.DefaultCacheAwareContextLoaderDelegate]
21:37:01.957 [Test worker] DEBUG org.springframework.test.context.BootstrapUtils - Instantiating BootstrapContext using constructor [public org.springframework.test.context.support.DefaultBootstrapContext(java.lang.Class,org.springframework.test.context.CacheAwareContextLoaderDelegate)]
21:37:01.973 [Test worker] DEBUG org.springframework.test.context.BootstrapUtils - Instantiating TestContextBootstrapper for test class [kr.sm.itaewon.travelmaker.controller.ArticleControllerTest] from class [org.springframework.boot.test.context.SpringBootTestContextBootstrapper]
21:37:01.980 [Test worker] INFO org.springframework.boot.test.context.SpringBootTestContextBootstrapper - Neither @ContextConfiguration nor @ContextHierarchy found for test class [kr.sm.itaewon.travelmaker.controller.ArticleControllerTest], using SpringBootContextLoader
21:37:01.983 [Test worker] DEBUG org.springframework.test.context.support.AbstractContextLoader - Did not detect default resource location for test class [kr.sm.itaewon.travelmaker.controller.ArticleControllerTest]: class path resource [kr/sm/itaewon/travelmaker/controller/ArticleControllerTest-context.xml] does not exist
21:37:01.984 [Test worker] DEBUG org.springframework.test.context.support.AbstractContextLoader - Did not detect default resource location for test class [kr.sm.itaewon.travelmaker.controller.ArticleControllerTest]: class path resource [kr/sm/itaewon/travelmaker/controller/ArticleControllerTestContext.groovy] does not exist
21:37:01.984 [Test worker] INFO org.springframework.test.context.support.AbstractContextLoader - Could not detect default resource locations for test class [kr.sm.itaewon.travelmaker.controller.ArticleControllerTest]: no resource found for suffixes {-context.xml, Context.groovy}.
21:37:01.984 [Test worker] INFO org.springframework.test.context.support.AnnotationConfigContextLoaderUtils - Could not detect default configuration classes for test class [kr.sm.itaewon.travelmaker.controller.ArticleControllerTest]: ArticleControllerTest does not declare any static, non-private, non-final, nested classes annotated with @Configuration.
21:37:02.020 [Test worker] DEBUG org.springframework.test.context.support.ActiveProfilesUtils - Could not find an 'annotation declaring class' for annotation type [org.springframework.test.context.ActiveProfiles] and class [kr.sm.itaewon.travelmaker.controller.ArticleControllerTest]
21:37:02.075 [Test worker] DEBUG org.springframework.context.annotation.ClassPathScanningCandidateComponentProvider - Identified candidate component class: file [/Users/tylee/Desktop/2019/SM/develop/travelmaker/build/classes/java/main/kr/sm/itaewon/travelmaker/TravelmakerApplication.class]
21:37:02.076 [Test worker] INFO org.springframework.boot.test.context.SpringBootTestContextBootstrapper - Found @SpringBootConfiguration kr.sm.itaewon.travelmaker.TravelmakerApplication for test class kr.sm.itaewon.travelmaker.controller.ArticleControllerTest
21:37:02.130 [Test worker] DEBUG org.springframework.boot.test.context.SpringBootTestContextBootstrapper - @TestExecutionListeners is not present for class [kr.sm.itaewon.travelmaker.controller.ArticleControllerTest]: using defaults.
21:37:02.130 [Test worker] INFO org.springframework.boot.test.context.SpringBootTestContextBootstrapper - Loaded default TestExecutionListener class names from location [META-INF/spring.factories]: [org.springframework.boot.test.autoconfigure.restdocs.RestDocsTestExecutionListener, org.springframework.boot.test.autoconfigure.web.client.MockRestServiceServerResetTestExecutionListener, org.springframework.boot.test.autoconfigure.web.servlet.MockMvcPrintOnlyOnFailureTestExecutionListener, org.springframework.boot.test.autoconfigure.web.servlet.WebDriverTestExecutionListener, org.springframework.boot.test.mock.mockito.MockitoTestExecutionListener, org.springframework.boot.test.mock.mockito.ResetMocksTestExecutionListener, org.springframework.test.context.web.ServletTestExecutionListener, org.springframework.test.context.support.DirtiesContextBeforeModesTestExecutionListener, org.springframework.test.context.support.DependencyInjectionTestExecutionListener, org.springframework.test.context.support.DirtiesContextTestExecutionListener, org.springframework.test.context.transaction.TransactionalTestExecutionListener, org.springframework.test.context.jdbc.SqlScriptsTestExecutionListener]
21:37:02.139 [Test worker] INFO org.springframework.boot.test.context.SpringBootTestContextBootstrapper - Using TestExecutionListeners: [org.springframework.test.context.web.ServletTestExecutionListener@5135d2d0, org.springframework.test.context.support.DirtiesContextBeforeModesTestExecutionListener@19469d3e, org.springframework.boot.test.mock.mockito.MockitoTestExecutionListener@2fd6188a, org.springframework.boot.test.autoconfigure.SpringBootDependencyInjectionTestExecutionListener@1c424361, org.springframework.test.context.support.DirtiesContextTestExecutionListener@639eb16b, org.springframework.test.context.transaction.TransactionalTestExecutionListener@4e9c7f4b, org.springframework.test.context.jdbc.SqlScriptsTestExecutionListener@51913c5a, org.springframework.boot.test.autoconfigure.restdocs.RestDocsTestExecutionListener@5fc63442, org.springframework.boot.test.autoconfigure.web.client.MockRestServiceServerResetTestExecutionListener@4945d338, org.springframework.boot.test.autoconfigure.web.servlet.MockMvcPrintOnlyOnFailureTestExecutionListener@640e9b7c, org.springframework.boot.test.autoconfigure.web.servlet.WebDriverTestExecutionListener@3c25084b, org.springframework.boot.test.mock.mockito.ResetMocksTestExecutionListener@52af4fa9]
21:37:02.141 [Test worker] DEBUG org.springframework.test.annotation.ProfileValueUtils - Retrieved @ProfileValueSourceConfiguration [null] for test class [kr.sm.itaewon.travelmaker.controller.ArticleControllerTest]
21:37:02.141 [Test worker] DEBUG org.springframework.test.annotation.ProfileValueUtils - Retrieved ProfileValueSource type [class org.springframework.test.annotation.SystemProfileValueSource] for class [kr.sm.itaewon.travelmaker.controller.ArticleControllerTest]
21:37:02.142 [Test worker] DEBUG org.springframework.test.annotation.ProfileValueUtils - Retrieved @ProfileValueSourceConfiguration [null] for test class [kr.sm.itaewon.travelmaker.controller.ArticleControllerTest]
21:37:02.142 [Test worker] DEBUG org.springframework.test.annotation.ProfileValueUtils - Retrieved ProfileValueSource type [class org.springframework.test.annotation.SystemProfileValueSource] for class [kr.sm.itaewon.travelmaker.controller.ArticleControllerTest]
21:37:02.145 [Test worker] DEBUG org.springframework.test.context.support.AbstractDirtiesContextTestExecutionListener - Before test class: context [DefaultTestContext@106ef3ae testClass = ArticleControllerTest, testInstance = [null], testMethod = [null], testException = [null], mergedContextConfiguration = [WebMergedContextConfiguration@1fc151e1 testClass = ArticleControllerTest, locations = '{}', classes = '{class kr.sm.itaewon.travelmaker.TravelmakerApplication}', contextInitializerClasses = '[]', activeProfiles = '{}', propertySourceLocations = '{}', propertySourceProperties = '{org.springframework.boot.test.context.SpringBootTestContextBootstrapper=true}', contextCustomizers = set[org.springframework.boot.test.autoconfigure.properties.PropertyMappingContextCustomizer@e7e8512, org.springframework.boot.test.autoconfigure.web.servlet.WebDriverContextCustomizerFactory$Customizer@86950a1, [ImportsContextCustomizer@266ffbb3 key = [org.springframework.boot.test.autoconfigure.web.servlet.MockMvcAutoConfiguration, org.springframework.boot.test.autoconfigure.web.servlet.MockMvcSecurityAutoConfiguration, org.springframework.boot.test.autoconfigure.web.servlet.MockMvcWebClientAutoConfiguration, org.springframework.boot.test.autoconfigure.web.servlet.MockMvcWebDriverAutoConfiguration]], org.springframework.boot.test.context.filter.ExcludeFilterContextCustomizer@44efd2fc, org.springframework.boot.test.json.DuplicateJsonObjectContextCustomizerFactory$DuplicateJsonObjectContextCustomizer@68e58adb, org.springframework.boot.test.mock.mockito.MockitoContextCustomizer@0, org.springframework.boot.test.web.client.TestRestTemplateContextCustomizer@77330a83], resourceBasePath = 'src/main/webapp', contextLoader = 'org.springframework.boot.test.context.SpringBootContextLoader', parent = [null]], attributes = map['org.springframework.test.context.web.ServletTestExecutionListener.activateListener' -> true]], class annotated with @DirtiesContext [false] with mode [null].
21:37:02.145 [Test worker] DEBUG org.springframework.test.annotation.ProfileValueUtils - Retrieved @ProfileValueSourceConfiguration [null] for test class [kr.sm.itaewon.travelmaker.controller.ArticleControllerTest]
21:37:02.145 [Test worker] DEBUG org.springframework.test.annotation.ProfileValueUtils - Retrieved ProfileValueSource type [class org.springframework.test.annotation.SystemProfileValueSource] for class [kr.sm.itaewon.travelmaker.controller.ArticleControllerTest]
21:37:02.157 [Test worker] DEBUG org.springframework.test.context.support.TestPropertySourceUtils - Adding inlined properties to environment: {spring.jmx.enabled=false, org.springframework.boot.test.context.SpringBootTestContextBootstrapper=true, server.port=-1}

  .   ____          _            __ _ _
 /\\ / ___'_ __ _ _(_)_ __  __ _ \ \ \ \
( ( )\___ | '_ | '_| | '_ \/ _` | \ \ \ \
 \\/  ___)| |_)| | | | | || (_| |  ) ) ) )
  '  |____| .__|_| |_|_| |_\__, | / / / /
 =========|_|==============|___/=/_/_/_/
 :: Spring Boot ::        (v2.1.6.RELEASE)

2019-08-02 21:37:02.475  INFO 65558 --- [    Test worker] k.s.i.t.c.ArticleControllerTest          : Starting ArticleControllerTest on itaeyuncBookPro.hyuntaelee with PID 65558 (started by tylee in /Users/tylee/Desktop/2019/SM/develop/travelmaker)
2019-08-02 21:37:02.476  INFO 65558 --- [    Test worker] k.s.i.t.c.ArticleControllerTest          : No active profile set, falling back to default profiles: default
2019-08-02 21:37:02.976  INFO 65558 --- [    Test worker] .s.d.r.c.RepositoryConfigurationDelegate : Bootstrapping Spring Data repositories in DEFAULT mode.
2019-08-02 21:37:03.020  INFO 65558 --- [    Test worker] .s.d.r.c.RepositoryConfigurationDelegate : Finished Spring Data repository scanning in 38ms. Found 3 repository interfaces.
2019-08-02 21:37:03.310  INFO 65558 --- [    Test worker] trationDelegate$BeanPostProcessorChecker : Bean 'org.springframework.transaction.annotation.ProxyTransactionManagementConfiguration' of type [org.springframework.transaction.annotation.ProxyTransactionManagementConfiguration$$EnhancerBySpringCGLIB$$75b8464b] is not eligible for getting processed by all BeanPostProcessors (for example: not eligible for auto-proxying)
2019-08-02 21:37:03.529  INFO 65558 --- [    Test worker] o.hibernate.jpa.internal.util.LogHelper  : HHH000204: Processing PersistenceUnitInfo [
	name: default
	...]
2019-08-02 21:37:03.579  INFO 65558 --- [    Test worker] org.hibernate.Version                    : HHH000412: Hibernate Core {5.3.10.Final}
2019-08-02 21:37:03.580  INFO 65558 --- [    Test worker] org.hibernate.cfg.Environment            : HHH000206: hibernate.properties not found
2019-08-02 21:37:03.693  INFO 65558 --- [    Test worker] o.hibernate.annotations.common.Version   : HCANN000001: Hibernate Commons Annotations {5.0.4.Final}
2019-08-02 21:37:03.789  INFO 65558 --- [    Test worker] com.zaxxer.hikari.HikariDataSource       : HikariPool-1 - Starting...
2019-08-02 21:37:03.859  INFO 65558 --- [    Test worker] com.zaxxer.hikari.HikariDataSource       : HikariPool-1 - Start completed.
2019-08-02 21:37:03.872  INFO 65558 --- [    Test worker] org.hibernate.dialect.Dialect            : HHH000400: Using dialect: org.hibernate.dialect.PostgreSQL95Dialect
2019-08-02 21:37:03.949  INFO 65558 --- [    Test worker] o.h.e.j.e.i.LobCreatorBuilderImpl        : HHH000421: Disabling contextual LOB creation as hibernate.jdbc.lob.non_contextual_creation is true
2019-08-02 21:37:03.960  INFO 65558 --- [    Test worker] org.hibernate.type.BasicTypeRegistry     : HHH000270: Type registration [java.util.UUID] overrides previous : org.hibernate.type.UUIDBinaryType@7b2af9d3
Hibernate: drop table if exists article cascade
2019-08-02 21:37:04.402  WARN 65558 --- [    Test worker] o.h.engine.jdbc.spi.SqlExceptionHelper   : SQL Warning Code: 0, SQLState: 00000
2019-08-02 21:37:04.402  WARN 65558 --- [    Test worker] o.h.engine.jdbc.spi.SqlExceptionHelper   : table "article" does not exist, skipping
Hibernate: drop table if exists customer cascade
2019-08-02 21:37:04.403  WARN 65558 --- [    Test worker] o.h.engine.jdbc.spi.SqlExceptionHelper   : SQL Warning Code: 0, SQLState: 00000
2019-08-02 21:37:04.403  WARN 65558 --- [    Test worker] o.h.engine.jdbc.spi.SqlExceptionHelper   : table "customer" does not exist, skipping
Hibernate: drop table if exists location cascade
2019-08-02 21:37:04.404  WARN 65558 --- [    Test worker] o.h.engine.jdbc.spi.SqlExceptionHelper   : SQL Warning Code: 0, SQLState: 00000
2019-08-02 21:37:04.404  WARN 65558 --- [    Test worker] o.h.engine.jdbc.spi.SqlExceptionHelper   : table "location" does not exist, skipping
Hibernate: drop table if exists rating cascade
2019-08-02 21:37:04.404  WARN 65558 --- [    Test worker] o.h.engine.jdbc.spi.SqlExceptionHelper   : SQL Warning Code: 0, SQLState: 00000
2019-08-02 21:37:04.404  WARN 65558 --- [    Test worker] o.h.engine.jdbc.spi.SqlExceptionHelper   : table "rating" does not exist, skipping
Hibernate: create table article (article_id  serial not null, image varchar(255), link varchar(255), location_id int4 not null, reg_date timestamp, summary varchar(255), user_id int4 not null, primary key (article_id))
Hibernate: create table customer (customer_id  serial not null, account_id varchar(255), name varchar(255), password varchar(255), primary key (customer_id))
Hibernate: create table location (location_id  serial not null, address varchar(255), latitude float4, longitude float4, name varchar(255), primary key (location_id))
Hibernate: create table rating (rating_id  serial not null, customer_id int4, location_id int4, rating float4, primary key (rating_id))
2019-08-02 21:37:04.417  INFO 65558 --- [    Test worker] o.h.t.schema.internal.SchemaCreatorImpl  : HHH000476: Executing import script 'org.hibernate.tool.schema.internal.exec.ScriptSourceInputNonExistentImpl@36b50b6a'
2019-08-02 21:37:04.419  INFO 65558 --- [    Test worker] j.LocalContainerEntityManagerFactoryBean : Initialized JPA EntityManagerFactory for persistence unit 'default'
2019-08-02 21:37:05.097  INFO 65558 --- [    Test worker] o.s.s.concurrent.ThreadPoolTaskExecutor  : Initializing ExecutorService 'applicationTaskExecutor'
2019-08-02 21:37:05.140  WARN 65558 --- [    Test worker] aWebConfiguration$JpaWebMvcConfiguration : spring.jpa.open-in-view is enabled by default. Therefore, database queries may be performed during view rendering. Explicitly configure spring.jpa.open-in-view to disable this warning
2019-08-02 21:37:05.449  INFO 65558 --- [    Test worker] o.s.b.t.m.w.SpringBootMockServletContext : Initializing Spring TestDispatcherServlet ''
2019-08-02 21:37:05.449  INFO 65558 --- [    Test worker] o.s.t.web.servlet.TestDispatcherServlet  : Initializing Servlet ''
2019-08-02 21:37:05.460  INFO 65558 --- [    Test worker] o.s.t.web.servlet.TestDispatcherServlet  : Completed initialization in 10 ms
2019-08-02 21:37:05.482  INFO 65558 --- [    Test worker] k.s.i.t.c.ArticleControllerTest          : Started ArticleControllerTest in 3.319 seconds (JVM running for 3.932)
2019-08-02 21:37:05.574  INFO 65558 --- [    Test worker] o.h.h.i.QueryTranslatorFactoryInitiator  : HHH000397: Using ASTQueryTranslatorFactory
Hibernate: select article0_.article_id as article_1_0_, article0_.image as image2_0_, article0_.link as link3_0_, article0_.location_id as location4_0_, article0_.reg_date as reg_date5_0_, article0_.summary as summary6_0_, article0_.user_id as user_id7_0_ from article article0_
]]></system-out>
  <system-err><![CDATA[]]></system-err>
</testsuite>
