<?xml version="1.0" encoding="UTF-8"?>
<testsuite name="kr.sm.itaewon.travelmaker.TravelmakerApplicationTests" tests="1" skipped="0" failures="0" errors="0" timestamp="2019-08-02T12:37:06" hostname="itaeyuncBookPro.hyuntaelee" time="0.002">
  <properties/>
  <testcase name="contextLoads" classname="kr.sm.itaewon.travelmaker.TravelmakerApplicationTests" time="0.002"/>
  <system-out><![CDATA[2019-08-02 21:37:05.683  INFO 65558 --- [    Test worker] .b.t.c.SpringBootTestContextBootstrapper : Neither @ContextConfiguration nor @ContextHierarchy found for test class [kr.sm.itaewon.travelmaker.TravelmakerApplicationTests], using SpringBootContextLoader
2019-08-02 21:37:05.684  INFO 65558 --- [    Test worker] o.s.t.c.support.AbstractContextLoader    : Could not detect default resource locations for test class [kr.sm.itaewon.travelmaker.TravelmakerApplicationTests]: no resource found for suffixes {-context.xml, Context.groovy}.
2019-08-02 21:37:05.684  INFO 65558 --- [    Test worker] t.c.s.AnnotationConfigContextLoaderUtils : Could not detect default configuration classes for test class [kr.sm.itaewon.travelmaker.TravelmakerApplicationTests]: TravelmakerApplicationTests does not declare any static, non-private, non-final, nested classes annotated with @Configuration.
2019-08-02 21:37:05.687  INFO 65558 --- [    Test worker] .b.t.c.SpringBootTestContextBootstrapper : Found @SpringBootConfiguration kr.sm.itaewon.travelmaker.TravelmakerApplication for test class kr.sm.itaewon.travelmaker.TravelmakerApplicationTests
2019-08-02 21:37:05.688  INFO 65558 --- [    Test worker] .b.t.c.SpringBootTestContextBootstrapper : Loaded default TestExecutionListener class names from location [META-INF/spring.factories]: [org.springframework.boot.test.autoconfigure.restdocs.RestDocsTestExecutionListener, org.springframework.boot.test.autoconfigure.web.client.MockRestServiceServerResetTestExecutionListener, org.springframework.boot.test.autoconfigure.web.servlet.MockMvcPrintOnlyOnFailureTestExecutionListener, org.springframework.boot.test.autoconfigure.web.servlet.WebDriverTestExecutionListener, org.springframework.boot.test.mock.mockito.MockitoTestExecutionListener, org.springframework.boot.test.mock.mockito.ResetMocksTestExecutionListener, org.springframework.test.context.web.ServletTestExecutionListener, org.springframework.test.context.support.DirtiesContextBeforeModesTestExecutionListener, org.springframework.test.context.support.DependencyInjectionTestExecutionListener, org.springframework.test.context.support.DirtiesContextTestExecutionListener, org.springframework.test.context.transaction.TransactionalTestExecutionListener, org.springframework.test.context.jdbc.SqlScriptsTestExecutionListener]
2019-08-02 21:37:05.688  INFO 65558 --- [    Test worker] .b.t.c.SpringBootTestContextBootstrapper : Using TestExecutionListeners: [org.springframework.test.context.web.ServletTestExecutionListener@2dd57f92, org.springframework.test.context.support.DirtiesContextBeforeModesTestExecutionListener@176b2c05, org.springframework.boot.test.mock.mockito.MockitoTestExecutionListener@4bb8f382, org.springframework.boot.test.autoconfigure.SpringBootDependencyInjectionTestExecutionListener@3e4165e4, org.springframework.test.context.support.DirtiesContextTestExecutionListener@386eb451, org.springframework.test.context.transaction.TransactionalTestExecutionListener@762bac5d, org.springframework.test.context.jdbc.SqlScriptsTestExecutionListener@7a0375f9, org.springframework.boot.test.autoconfigure.restdocs.RestDocsTestExecutionListener@4fd84118, org.springframework.boot.test.autoconfigure.web.client.MockRestServiceServerResetTestExecutionListener@2d9b88e, org.springframework.boot.test.autoconfigure.web.servlet.MockMvcPrintOnlyOnFailureTestExecutionListener@293ba5cc, org.springframework.boot.test.autoconfigure.web.servlet.WebDriverTestExecutionListener@4876b1af, org.springframework.boot.test.mock.mockito.ResetMocksTestExecutionListener@452bf938]

  .   ____          _            __ _ _
 /\\ / ___'_ __ _ _(_)_ __  __ _ \ \ \ \
( ( )\___ | '_ | '_| | '_ \/ _` | \ \ \ \
 \\/  ___)| |_)| | | | | || (_| |  ) ) ) )
  '  |____| .__|_| |_|_| |_\__, | / / / /
 =========|_|==============|___/=/_/_/_/
 :: Spring Boot ::        (v2.1.6.RELEASE)

2019-08-02 21:37:05.702  INFO 65558 --- [    Test worker] k.s.i.t.TravelmakerApplicationTests      : Starting TravelmakerApplicationTests on itaeyuncBookPro.hyuntaelee with PID 65558 (started by tylee in /Users/tylee/Desktop/2019/SM/develop/travelmaker)
2019-08-02 21:37:05.702  INFO 65558 --- [    Test worker] k.s.i.t.TravelmakerApplicationTests      : No active profile set, falling back to default profiles: default
2019-08-02 21:37:05.817  INFO 65558 --- [    Test worker] .s.d.r.c.RepositoryConfigurationDelegate : Bootstrapping Spring Data repositories in DEFAULT mode.
2019-08-02 21:37:05.823  INFO 65558 --- [    Test worker] .s.d.r.c.RepositoryConfigurationDelegate : Finished Spring Data repository scanning in 6ms. Found 3 repository interfaces.
2019-08-02 21:37:05.873  INFO 65558 --- [    Test worker] trationDelegate$BeanPostProcessorChecker : Bean 'org.springframework.transaction.annotation.ProxyTransactionManagementConfiguration' of type [org.springframework.transaction.annotation.ProxyTransactionManagementConfiguration$$EnhancerBySpringCGLIB$$75b8464b] is not eligible for getting processed by all BeanPostProcessors (for example: not eligible for auto-proxying)
2019-08-02 21:37:05.944  INFO 65558 --- [    Test worker] o.hibernate.jpa.internal.util.LogHelper  : HHH000204: Processing PersistenceUnitInfo [
	name: default
	...]
2019-08-02 21:37:05.947  INFO 65558 --- [    Test worker] com.zaxxer.hikari.HikariDataSource       : HikariPool-2 - Starting...
2019-08-02 21:37:05.958  INFO 65558 --- [    Test worker] com.zaxxer.hikari.HikariDataSource       : HikariPool-2 - Start completed.
2019-08-02 21:37:05.959  INFO 65558 --- [    Test worker] org.hibernate.dialect.Dialect            : HHH000400: Using dialect: org.hibernate.dialect.PostgreSQL95Dialect
2019-08-02 21:37:06.018  INFO 65558 --- [    Test worker] o.h.e.j.e.i.LobCreatorBuilderImpl        : HHH000421: Disabling contextual LOB creation as hibernate.jdbc.lob.non_contextual_creation is true
2019-08-02 21:37:06.018  INFO 65558 --- [    Test worker] org.hibernate.type.BasicTypeRegistry     : HHH000270: Type registration [java.util.UUID] overrides previous : org.hibernate.type.UUIDBinaryType@7b2af9d3
Hibernate: drop table if exists article cascade
Hibernate: drop table if exists customer cascade
Hibernate: drop table if exists location cascade
Hibernate: drop table if exists rating cascade
Hibernate: create table article (article_id  serial not null, image varchar(255), link varchar(255), location_id int4 not null, reg_date timestamp, summary varchar(255), user_id int4 not null, primary key (article_id))
Hibernate: create table customer (customer_id  serial not null, account_id varchar(255), name varchar(255), password varchar(255), primary key (customer_id))
Hibernate: create table location (location_id  serial not null, address varchar(255), latitude float4, longitude float4, name varchar(255), primary key (location_id))
Hibernate: create table rating (rating_id  serial not null, customer_id int4, location_id int4, rating float4, primary key (rating_id))
2019-08-02 21:37:06.068  INFO 65558 --- [    Test worker] o.h.t.schema.internal.SchemaCreatorImpl  : HHH000476: Executing import script 'org.hibernate.tool.schema.internal.exec.ScriptSourceInputNonExistentImpl@36b50b6a'
2019-08-02 21:37:06.068  INFO 65558 --- [    Test worker] j.LocalContainerEntityManagerFactoryBean : Initialized JPA EntityManagerFactory for persistence unit 'default'
2019-08-02 21:37:06.336  INFO 65558 --- [    Test worker] o.s.s.concurrent.ThreadPoolTaskExecutor  : Initializing ExecutorService 'applicationTaskExecutor'
2019-08-02 21:37:06.345  WARN 65558 --- [    Test worker] aWebConfiguration$JpaWebMvcConfiguration : spring.jpa.open-in-view is enabled by default. Therefore, database queries may be performed during view rendering. Explicitly configure spring.jpa.open-in-view to disable this warning
2019-08-02 21:37:06.519  INFO 65558 --- [    Test worker] k.s.i.t.TravelmakerApplicationTests      : Started TravelmakerApplicationTests in 0.829 seconds (JVM running for 4.968)
]]></system-out>
  <system-err><![CDATA[]]></system-err>
</testsuite>
