<?xml version="1.0" encoding="UTF-8"?>
<testsuite name="kr.sm.itaewon.travelmaker.controller.ArticleControllerTest" tests="1" skipped="0" failures="0" errors="0" timestamp="2019-08-04T04:33:48" hostname="itaeyuncBookPro.hyuntaelee" time="0.394">
  <properties/>
  <testcase name="getArticleAll" classname="kr.sm.itaewon.travelmaker.controller.ArticleControllerTest" time="0.394"/>
  <system-out><![CDATA[13:33:44.252 [Test worker] DEBUG org.springframework.test.context.junit4.SpringJUnit4ClassRunner - SpringJUnit4ClassRunner constructor called with [class kr.sm.itaewon.travelmaker.controller.ArticleControllerTest]
13:33:44.258 [Test worker] DEBUG org.springframework.test.context.BootstrapUtils - Instantiating CacheAwareContextLoaderDelegate from class [org.springframework.test.context.cache.DefaultCacheAwareContextLoaderDelegate]
13:33:44.266 [Test worker] DEBUG org.springframework.test.context.BootstrapUtils - Instantiating BootstrapContext using constructor [public org.springframework.test.context.support.DefaultBootstrapContext(java.lang.Class,org.springframework.test.context.CacheAwareContextLoaderDelegate)]
13:33:44.287 [Test worker] DEBUG org.springframework.test.context.BootstrapUtils - Instantiating TestContextBootstrapper for test class [kr.sm.itaewon.travelmaker.controller.ArticleControllerTest] from class [org.springframework.boot.test.context.SpringBootTestContextBootstrapper]
13:33:44.298 [Test worker] INFO org.springframework.boot.test.context.SpringBootTestContextBootstrapper - Neither @ContextConfiguration nor @ContextHierarchy found for test class [kr.sm.itaewon.travelmaker.controller.ArticleControllerTest], using SpringBootContextLoader
13:33:44.302 [Test worker] DEBUG org.springframework.test.context.support.AbstractContextLoader - Did not detect default resource location for test class [kr.sm.itaewon.travelmaker.controller.ArticleControllerTest]: class path resource [kr/sm/itaewon/travelmaker/controller/ArticleControllerTest-context.xml] does not exist
13:33:44.302 [Test worker] DEBUG org.springframework.test.context.support.AbstractContextLoader - Did not detect default resource location for test class [kr.sm.itaewon.travelmaker.controller.ArticleControllerTest]: class path resource [kr/sm/itaewon/travelmaker/controller/ArticleControllerTestContext.groovy] does not exist
13:33:44.303 [Test worker] INFO org.springframework.test.context.support.AbstractContextLoader - Could not detect default resource locations for test class [kr.sm.itaewon.travelmaker.controller.ArticleControllerTest]: no resource found for suffixes {-context.xml, Context.groovy}.
13:33:44.303 [Test worker] INFO org.springframework.test.context.support.AnnotationConfigContextLoaderUtils - Could not detect default configuration classes for test class [kr.sm.itaewon.travelmaker.controller.ArticleControllerTest]: ArticleControllerTest does not declare any static, non-private, non-final, nested classes annotated with @Configuration.
13:33:44.350 [Test worker] DEBUG org.springframework.test.context.support.ActiveProfilesUtils - Could not find an 'annotation declaring class' for annotation type [org.springframework.test.context.ActiveProfiles] and class [kr.sm.itaewon.travelmaker.controller.ArticleControllerTest]
13:33:44.423 [Test worker] DEBUG org.springframework.context.annotation.ClassPathScanningCandidateComponentProvider - Identified candidate component class: file [/Users/tylee/Desktop/2019/SM/develop/travelmaker/build/classes/java/main/kr/sm/itaewon/travelmaker/TravelmakerApplication.class]
13:33:44.424 [Test worker] INFO org.springframework.boot.test.context.SpringBootTestContextBootstrapper - Found @SpringBootConfiguration kr.sm.itaewon.travelmaker.TravelmakerApplication for test class kr.sm.itaewon.travelmaker.controller.ArticleControllerTest
13:33:44.522 [Test worker] DEBUG org.springframework.boot.test.context.SpringBootTestContextBootstrapper - @TestExecutionListeners is not present for class [kr.sm.itaewon.travelmaker.controller.ArticleControllerTest]: using defaults.
13:33:44.522 [Test worker] INFO org.springframework.boot.test.context.SpringBootTestContextBootstrapper - Loaded default TestExecutionListener class names from location [META-INF/spring.factories]: [org.springframework.boot.test.autoconfigure.restdocs.RestDocsTestExecutionListener, org.springframework.boot.test.autoconfigure.web.client.MockRestServiceServerResetTestExecutionListener, org.springframework.boot.test.autoconfigure.web.servlet.MockMvcPrintOnlyOnFailureTestExecutionListener, org.springframework.boot.test.autoconfigure.web.servlet.WebDriverTestExecutionListener, org.springframework.boot.test.mock.mockito.MockitoTestExecutionListener, org.springframework.boot.test.mock.mockito.ResetMocksTestExecutionListener, org.springframework.test.context.web.ServletTestExecutionListener, org.springframework.test.context.support.DirtiesContextBeforeModesTestExecutionListener, org.springframework.test.context.support.DependencyInjectionTestExecutionListener, org.springframework.test.context.support.DirtiesContextTestExecutionListener, org.springframework.test.context.transaction.TransactionalTestExecutionListener, org.springframework.test.context.jdbc.SqlScriptsTestExecutionListener]
13:33:44.544 [Test worker] INFO org.springframework.boot.test.context.SpringBootTestContextBootstrapper - Using TestExecutionListeners: [org.springframework.test.context.web.ServletTestExecutionListener@5727cc49, org.springframework.test.context.support.DirtiesContextBeforeModesTestExecutionListener@28f9d1c3, org.springframework.boot.test.mock.mockito.MockitoTestExecutionListener@3ad6f002, org.springframework.boot.test.autoconfigure.SpringBootDependencyInjectionTestExecutionListener@552dc566, org.springframework.test.context.support.DirtiesContextTestExecutionListener@3c810e0e, org.springframework.test.context.transaction.TransactionalTestExecutionListener@5a90a794, org.springframework.test.context.jdbc.SqlScriptsTestExecutionListener@574b0a24, org.springframework.boot.test.autoconfigure.restdocs.RestDocsTestExecutionListener@6c76f35e, org.springframework.boot.test.autoconfigure.web.client.MockRestServiceServerResetTestExecutionListener@583371a0, org.springframework.boot.test.autoconfigure.web.servlet.MockMvcPrintOnlyOnFailureTestExecutionListener@7c0c135, org.springframework.boot.test.autoconfigure.web.servlet.WebDriverTestExecutionListener@8d5e1c3, org.springframework.boot.test.mock.mockito.ResetMocksTestExecutionListener@53e21f84]
13:33:44.547 [Test worker] DEBUG org.springframework.test.annotation.ProfileValueUtils - Retrieved @ProfileValueSourceConfiguration [null] for test class [kr.sm.itaewon.travelmaker.controller.ArticleControllerTest]
13:33:44.547 [Test worker] DEBUG org.springframework.test.annotation.ProfileValueUtils - Retrieved ProfileValueSource type [class org.springframework.test.annotation.SystemProfileValueSource] for class [kr.sm.itaewon.travelmaker.controller.ArticleControllerTest]
13:33:44.549 [Test worker] DEBUG org.springframework.test.annotation.ProfileValueUtils - Retrieved @ProfileValueSourceConfiguration [null] for test class [kr.sm.itaewon.travelmaker.controller.ArticleControllerTest]
13:33:44.549 [Test worker] DEBUG org.springframework.test.annotation.ProfileValueUtils - Retrieved ProfileValueSource type [class org.springframework.test.annotation.SystemProfileValueSource] for class [kr.sm.itaewon.travelmaker.controller.ArticleControllerTest]
13:33:44.550 [Test worker] DEBUG org.springframework.test.annotation.ProfileValueUtils - Retrieved @ProfileValueSourceConfiguration [null] for test class [kr.sm.itaewon.travelmaker.controller.ArticleControllerTest]
13:33:44.550 [Test worker] DEBUG org.springframework.test.annotation.ProfileValueUtils - Retrieved ProfileValueSource type [class org.springframework.test.annotation.SystemProfileValueSource] for class [kr.sm.itaewon.travelmaker.controller.ArticleControllerTest]
13:33:44.553 [Test worker] DEBUG org.springframework.test.context.support.AbstractDirtiesContextTestExecutionListener - Before test class: context [DefaultTestContext@7ee7591b testClass = ArticleControllerTest, testInstance = [null], testMethod = [null], testException = [null], mergedContextConfiguration = [WebMergedContextConfiguration@4d931ae2 testClass = ArticleControllerTest, locations = '{}', classes = '{class kr.sm.itaewon.travelmaker.TravelmakerApplication}', contextInitializerClasses = '[]', activeProfiles = '{}', propertySourceLocations = '{}', propertySourceProperties = '{org.springframework.boot.test.context.SpringBootTestContextBootstrapper=true}', contextCustomizers = set[org.springframework.boot.test.autoconfigure.properties.PropertyMappingContextCustomizer@e7e8512, org.springframework.boot.test.autoconfigure.web.servlet.WebDriverContextCustomizerFactory$Customizer@60882f58, [ImportsContextCustomizer@5570c490 key = [org.springframework.boot.test.autoconfigure.web.servlet.MockMvcAutoConfiguration, org.springframework.boot.test.autoconfigure.web.servlet.MockMvcSecurityAutoConfiguration, org.springframework.boot.test.autoconfigure.web.servlet.MockMvcWebClientAutoConfiguration, org.springframework.boot.test.autoconfigure.web.servlet.MockMvcWebDriverAutoConfiguration]], org.springframework.boot.test.context.filter.ExcludeFilterContextCustomizer@5a74b6c8, org.springframework.boot.test.json.DuplicateJsonObjectContextCustomizerFactory$DuplicateJsonObjectContextCustomizer@54a549e2, org.springframework.boot.test.mock.mockito.MockitoContextCustomizer@0, org.springframework.boot.test.web.client.TestRestTemplateContextCustomizer@2ff76915], resourceBasePath = 'src/main/webapp', contextLoader = 'org.springframework.boot.test.context.SpringBootContextLoader', parent = [null]], attributes = map['org.springframework.test.context.web.ServletTestExecutionListener.activateListener' -> true]], class annotated with @DirtiesContext [false] with mode [null].
13:33:44.553 [Test worker] DEBUG org.springframework.test.annotation.ProfileValueUtils - Retrieved @ProfileValueSourceConfiguration [null] for test class [kr.sm.itaewon.travelmaker.controller.ArticleControllerTest]
13:33:44.553 [Test worker] DEBUG org.springframework.test.annotation.ProfileValueUtils - Retrieved ProfileValueSource type [class org.springframework.test.annotation.SystemProfileValueSource] for class [kr.sm.itaewon.travelmaker.controller.ArticleControllerTest]
13:33:44.577 [Test worker] DEBUG org.springframework.test.context.support.TestPropertySourceUtils - Adding inlined properties to environment: {spring.jmx.enabled=false, org.springframework.boot.test.context.SpringBootTestContextBootstrapper=true, server.port=-1}

  .   ____          _            __ _ _
 /\\ / ___'_ __ _ _(_)_ __  __ _ \ \ \ \
( ( )\___ | '_ | '_| | '_ \/ _` | \ \ \ \
 \\/  ___)| |_)| | | | | || (_| |  ) ) ) )
  '  |____| .__|_| |_|_| |_\__, | / / / /
 =========|_|==============|___/=/_/_/_/
 :: Spring Boot ::        (v2.1.6.RELEASE)

2019-08-04 13:33:44.783  INFO 69212 --- [    Test worker] k.s.i.t.c.ArticleControllerTest          : Starting ArticleControllerTest on itaeyuncBookPro.hyuntaelee with PID 69212 (started by tylee in /Users/tylee/Desktop/2019/SM/develop/travelmaker)
2019-08-04 13:33:44.784  INFO 69212 --- [    Test worker] k.s.i.t.c.ArticleControllerTest          : No active profile set, falling back to default profiles: default
2019-08-04 13:33:45.287  INFO 69212 --- [    Test worker] .s.d.r.c.RepositoryConfigurationDelegate : Bootstrapping Spring Data repositories in DEFAULT mode.
2019-08-04 13:33:45.356  INFO 69212 --- [    Test worker] .s.d.r.c.RepositoryConfigurationDelegate : Finished Spring Data repository scanning in 57ms. Found 3 repository interfaces.
2019-08-04 13:33:45.727  INFO 69212 --- [    Test worker] trationDelegate$BeanPostProcessorChecker : Bean 'org.springframework.transaction.annotation.ProxyTransactionManagementConfiguration' of type [org.springframework.transaction.annotation.ProxyTransactionManagementConfiguration$$EnhancerBySpringCGLIB$$f7e60523] is not eligible for getting processed by all BeanPostProcessors (for example: not eligible for auto-proxying)
2019-08-04 13:33:45.982  INFO 69212 --- [    Test worker] o.hibernate.jpa.internal.util.LogHelper  : HHH000204: Processing PersistenceUnitInfo [
	name: default
	...]
2019-08-04 13:33:46.098  INFO 69212 --- [    Test worker] org.hibernate.Version                    : HHH000412: Hibernate Core {5.3.10.Final}
2019-08-04 13:33:46.099  INFO 69212 --- [    Test worker] org.hibernate.cfg.Environment            : HHH000206: hibernate.properties not found
2019-08-04 13:33:46.291  INFO 69212 --- [    Test worker] o.hibernate.annotations.common.Version   : HCANN000001: Hibernate Commons Annotations {5.0.4.Final}
2019-08-04 13:33:46.476  INFO 69212 --- [    Test worker] com.zaxxer.hikari.HikariDataSource       : HikariPool-1 - Starting...
2019-08-04 13:33:46.614  INFO 69212 --- [    Test worker] com.zaxxer.hikari.HikariDataSource       : HikariPool-1 - Start completed.
2019-08-04 13:33:46.646  INFO 69212 --- [    Test worker] org.hibernate.dialect.Dialect            : HHH000400: Using dialect: org.hibernate.dialect.PostgreSQL95Dialect
2019-08-04 13:33:46.770  INFO 69212 --- [    Test worker] o.h.e.j.e.i.LobCreatorBuilderImpl        : HHH000421: Disabling contextual LOB creation as hibernate.jdbc.lob.non_contextual_creation is true
2019-08-04 13:33:46.789  INFO 69212 --- [    Test worker] org.hibernate.type.BasicTypeRegistry     : HHH000270: Type registration [java.util.UUID] overrides previous : org.hibernate.type.UUIDBinaryType@561fb4b2
Hibernate: drop table if exists article cascade
2019-08-04 13:33:47.457  WARN 69212 --- [    Test worker] o.h.engine.jdbc.spi.SqlExceptionHelper   : SQL Warning Code: 0, SQLState: 00000
2019-08-04 13:33:47.457  WARN 69212 --- [    Test worker] o.h.engine.jdbc.spi.SqlExceptionHelper   : table "article" does not exist, skipping
Hibernate: drop table if exists customer cascade
2019-08-04 13:33:47.458  WARN 69212 --- [    Test worker] o.h.engine.jdbc.spi.SqlExceptionHelper   : SQL Warning Code: 0, SQLState: 00000
2019-08-04 13:33:47.458  WARN 69212 --- [    Test worker] o.h.engine.jdbc.spi.SqlExceptionHelper   : table "customer" does not exist, skipping
Hibernate: drop table if exists location cascade
2019-08-04 13:33:47.458  WARN 69212 --- [    Test worker] o.h.engine.jdbc.spi.SqlExceptionHelper   : SQL Warning Code: 0, SQLState: 00000
2019-08-04 13:33:47.458  WARN 69212 --- [    Test worker] o.h.engine.jdbc.spi.SqlExceptionHelper   : table "location" does not exist, skipping
Hibernate: drop table if exists rating cascade
2019-08-04 13:33:47.459  WARN 69212 --- [    Test worker] o.h.engine.jdbc.spi.SqlExceptionHelper   : SQL Warning Code: 0, SQLState: 00000
2019-08-04 13:33:47.459  WARN 69212 --- [    Test worker] o.h.engine.jdbc.spi.SqlExceptionHelper   : table "rating" does not exist, skipping
Hibernate: create table article (article_id  serial not null, image varchar(255), link varchar(255), location_id int4 not null, reg_date timestamp, summary varchar(255), user_id int4 not null, primary key (article_id))
Hibernate: create table customer (customer_id  serial not null, account_id varchar(255), name varchar(255), password varchar(255), primary key (customer_id))
Hibernate: create table location (location_id  serial not null, address varchar(255), latitude float4, longitude float4, name varchar(255), primary key (location_id))
Hibernate: create table rating (rating_id  serial not null, customer_id int4, location_id int4, rating float4, primary key (rating_id))
2019-08-04 13:33:47.488  INFO 69212 --- [    Test worker] o.h.t.schema.internal.SchemaCreatorImpl  : HHH000476: Executing import script 'org.hibernate.tool.schema.internal.exec.ScriptSourceInputNonExistentImpl@60159bbc'
2019-08-04 13:33:47.492  INFO 69212 --- [    Test worker] j.LocalContainerEntityManagerFactoryBean : Initialized JPA EntityManagerFactory for persistence unit 'default'
2019-08-04 13:33:48.451  INFO 69212 --- [    Test worker] o.s.s.concurrent.ThreadPoolTaskExecutor  : Initializing ExecutorService 'applicationTaskExecutor'
2019-08-04 13:33:48.512  WARN 69212 --- [    Test worker] aWebConfiguration$JpaWebMvcConfiguration : spring.jpa.open-in-view is enabled by default. Therefore, database queries may be performed during view rendering. Explicitly configure spring.jpa.open-in-view to disable this warning
2019-08-04 13:33:48.877  INFO 69212 --- [    Test worker] o.s.b.t.m.w.SpringBootMockServletContext : Initializing Spring TestDispatcherServlet ''
2019-08-04 13:33:48.877  INFO 69212 --- [    Test worker] o.s.t.web.servlet.TestDispatcherServlet  : Initializing Servlet ''
2019-08-04 13:33:48.893  INFO 69212 --- [    Test worker] o.s.t.web.servlet.TestDispatcherServlet  : Completed initialization in 16 ms
2019-08-04 13:33:48.921  INFO 69212 --- [    Test worker] k.s.i.t.c.ArticleControllerTest          : Started ArticleControllerTest in 4.334 seconds (JVM running for 5.257)
2019-08-04 13:33:49.158  INFO 69212 --- [    Test worker] o.h.h.i.QueryTranslatorFactoryInitiator  : HHH000397: Using ASTQueryTranslatorFactory
Hibernate: select article0_.article_id as article_1_0_, article0_.image as image2_0_, article0_.link as link3_0_, article0_.location_id as location4_0_, article0_.reg_date as reg_date5_0_, article0_.summary as summary6_0_, article0_.user_id as user_id7_0_ from article article0_
]]></system-out>
  <system-err><![CDATA[]]></system-err>
</testsuite>
